[0m13:50:45.265253 [debug] [MainThread]: Sending event: {'category': 'dbt', 'action': 'invocation', 'label': 'start', 'context': [<snowplow_tracker.self_describing_json.SelfDescribingJson object at 0x7f647671efd0>, <snowplow_tracker.self_describing_json.SelfDescribingJson object at 0x7f6476e12a00>, <snowplow_tracker.self_describing_json.SelfDescribingJson object at 0x7f6476e129d0>]}


============================== 13:50:45.268378 | 5ca4be2a-2747-4fa1-b30c-015612da7baa ==============================
[0m13:50:45.268378 [info ] [MainThread]: Running with dbt=1.7.6
[0m13:50:45.269022 [debug] [MainThread]: running dbt with arguments {'printer_width': '80', 'indirect_selection': 'eager', 'log_cache_events': 'False', 'write_json': 'True', 'partial_parse': 'True', 'cache_selected_only': 'False', 'profiles_dir': '/home/brijender_kushwaha/.dbt', 'version_check': 'True', 'warn_error': 'None', 'log_path': 'logs', 'debug': 'False', 'fail_fast': 'False', 'use_colors': 'True', 'use_experimental_parser': 'False', 'no_print': 'None', 'quiet': 'False', 'warn_error_options': 'WarnErrorOptions(include=[], exclude=[])', 'invocation_command': 'dbt init test_project', 'log_format': 'default', 'introspect': 'True', 'target_path': 'None', 'static_parser': 'True', 'send_anonymous_usage_stats': 'True'}
[0m13:50:45.269654 [warn ] [MainThread]: [ConfigFolderDirectory]: Unable to parse dict {'dir': PosixPath('/home/brijender_kushwaha/.dbt')}
[0m13:50:45.270095 [info ] [MainThread]: Creating dbt configuration folder at 
[0m13:50:45.271281 [debug] [MainThread]: Starter project path: /home/brijender_kushwaha/DBT/test_dbt_env/lib/python3.8/site-packages/dbt/include/starter_project
[0m13:50:45.273568 [info ] [MainThread]: 
Your new dbt project "test_project" was created!

For more information on how to configure the profiles.yml file,
please consult the dbt documentation here:

  https://docs.getdbt.com/docs/configure-your-profile

One more thing:

Need help? Don't hesitate to reach out to us via GitHub issues or on Slack:

  https://community.getdbt.com/

Happy modeling!

[0m13:50:45.274188 [info ] [MainThread]: Setting up your profile.
[0m13:51:48.155906 [info ] [MainThread]: Profile test_project written to /home/brijender_kushwaha/.dbt/profiles.yml using target's profile_template.yml and your supplied values. Run 'dbt debug' to validate the connection.
[0m13:51:48.158008 [debug] [MainThread]: Resource report: {"command_name": "init", "command_success": true, "command_wall_clock_time": 62.902664, "process_user_time": 1.790748, "process_kernel_time": 0.101172, "process_mem_max_rss": "100544", "process_in_blocks": "3528", "process_out_blocks": "80"}
[0m13:51:48.158531 [debug] [MainThread]: Command `dbt init` succeeded at 13:51:48.158416 after 62.90 seconds
[0m13:51:48.158932 [debug] [MainThread]: Sending event: {'category': 'dbt', 'action': 'invocation', 'label': 'end', 'context': [<snowplow_tracker.self_describing_json.SelfDescribingJson object at 0x7f647671efd0>, <snowplow_tracker.self_describing_json.SelfDescribingJson object at 0x7f6478946df0>, <snowplow_tracker.self_describing_json.SelfDescribingJson object at 0x7f6473cbd610>]}
[0m13:51:48.159247 [debug] [MainThread]: Flushing usage events
